[BOT-1] Baslatildi
[BOT-1] DS-160 BOT BASLADI (SUREKLI CALISIR)
[BOT-1] Queue kontrol ediliyor...
[BOT-1] Queue kontrol ediliyor...
[BOT-1] Queue kontrol ediliyor...
[BOT-1] Queue kontrol ediliyor...
[BOT-1] Queue kontrol ediliyor...
[BOT-1] Queue kontrol ediliyor...
[BOT-1] Queue kontrol ediliyor...
[BOT-1] Queue kontrol ediliyor...
[BOT-1] Queue kontrol ediliyor...
[BOT-1] Queue kontrol ediliyor...
[BOT-1] Queue kontrol ediliyor...
[BOT-1] Queue kontrol ediliyor...
[BOT-1] Queue kontrol ediliyor...
[BOT-1] Queue kontrol ediliyor...
[BOT-1] Queue kontrol ediliyor...
[BOT-1] Queue kontrol ediliyor...
[BOT-1] Queue kontrol ediliyor...
[BOT-1] Queue kontrol ediliyor...
[BOT-1] Queue kontrol ediliyor...
[BOT-1] Queue kontrol ediliyor...
[BOT-1] JOB: bf092baa-2b87-4269-bccc-e77172c646c5
[BOT-1] MODE: NEW
[BOT-1] LOCATION: ANK
[BOT-1] SURNAME: PARLAK
[BOT-1] STATUS -> processing (200)
[BOT-1] Chrome profil: C:\Users\1275\chrome-bot-1
[BOT-1] Location seciliyor
[BOT-1] STATUS -> waiting_captcha (200)
[BOT-1] CAPTCHA gonderildi
[BOT-1] CAPTCHA bekleniyor...
[BOT-1] New Application (deneme 1)
[BOT-1] Captcha gecti (deneme 1)
[BOT-1] STATUS -> captcha_verified (200)
[BOT-1] New application -> barcode: AA00FEQ6LH
[BOT-1] Form menusune girildi
[BOT-1] STATUS -> barcode_received (200)
[BOT-1] CRM barcode bildirildi: 200
[BOT-1] STATUS -> entered_form (200)
[BOT-1] FULL FLOW baslatiliyor...
🧪 DS-160 FULL FLOW BAŞLADI
✅ Other Names seçildi: NO
🚫 Telecode: NO seçildi
✅ Gender seçildi: F
✅ Marital Status seçildi: MARRIED
✅ DOB girildi: 20-FEB-1993
✅ Doğum yeri (şehir / eyalet) girildi
✅ Doğum ülkesi seçildi: TURKEY
💾 Save tıklandı
[BOT-1] Personal 1 kaydedildi, screenshot aliniyor...
[BOT-1] Screenshot boyutu: 31348 chars
[BOT-1] Screenshot gonderildi: 200
[BOT-1] STATUS -> waiting_close (200)
[BOT-1] Waiting close - kullanici onay bekleniyor...
[BOT-1] waiting_close poll: waiting_close
[BOT-1] waiting_close poll: close
[BOT-1] Kapat komutu alindi, bot kapatiliyor...
[BOT-1] Bot kapatildi (sys.exit)
[BOT-1] Baslatildi
[BOT-1] DS-160 BOT BASLADI (SUREKLI CALISIR)
[BOT-1] Queue kontrol ediliyor...
[BOT-1] Queue kontrol ediliyor...
[BOT-1] Queue kontrol ediliyor...
[BOT-1] Queue kontrol ediliyor...
[BOT-1] Queue kontrol ediliyor...
[BOT-1] Queue kontrol ediliyor...
[BOT-1] Queue kontrol ediliyor...
[BOT-1] Queue kontrol ediliyor...
[BOT-1] Queue kontrol ediliyor...
[BOT-1] Queue kontrol ediliyor...
[BOT-1] Queue kontrol ediliyor...
[BOT-1] Queue kontrol ediliyor...
[BOT-1] Queue kontrol ediliyor...
[BOT-1] Queue kontrol ediliyor...
[BOT-1] Queue kontrol ediliyor...
[BOT-1] Queue kontrol ediliyor...
[BOT-1] Queue kontrol ediliyor...
[BOT-1] Queue kontrol ediliyor...
[BOT-1] Queue kontrol ediliyor...
[BOT-1] Queue kontrol ediliyor...
[BOT-1] JOB: 4028f211-8140-4aa2-a633-3a33046b7bc3
[BOT-1] MODE: NEW
[BOT-1] LOCATION: ANK
[BOT-1] SURNAME: PARLAK
[BOT-1] STATUS -> processing (200)
[BOT-1] Chrome profil: C:\Users\1275\chrome-bot-1
[BOT-1] Location seciliyor
[BOT-1] STATUS -> waiting_captcha (200)
[BOT-1] CAPTCHA gonderildi
[BOT-1] CAPTCHA bekleniyor...
[BOT-1] New Application (deneme 1)
[BOT-1] Captcha gecti (deneme 1)
[BOT-1] STATUS -> captcha_verified (200)
[BOT-1] New application -> barcode: AA00FEQ6Z3
[BOT-1] Form menusune girildi
[BOT-1] STATUS -> barcode_received (200)
[BOT-1] CRM barcode bildirildi: 200
[BOT-1] STATUS -> entered_form (200)
[BOT-1] FULL FLOW baslatiliyor...
🧪 DS-160 FULL FLOW BAŞLADI
✅ Other Names seçildi: NO
🚫 Telecode: NO seçildi
✅ Gender seçildi: M
✅ Marital Status seçildi: SINGLE
✅ DOB girildi: 12-SEP-1993
✅ Doğum yeri (şehir / eyalet) girildi
✅ Doğum ülkesi seçildi: TURKEY
💾 Save tıklandı
▶ Continue Application (FORCE)
✅ Continue Application postback gönderildi
[BOT-1] Personal 1 kaydedildi, screenshot aliniyor...
[BOT-1] Screenshot boyutu: 737896 chars
[BOT-1] Screenshot gonderildi: 200
[BOT-1] STATUS -> waiting_close (200)
[BOT-1] Waiting close - kullanici onay bekleniyor...
[BOT-1] waiting_close poll: waiting_close
[BOT-1] waiting_close poll: waiting_close
[BOT-1] waiting_close poll: close
[BOT-1] Kapat komutu alindi, bot kapatiliyor...
[BOT-1] Bot kapatildi (sys.exit)
